<?xml version="1.0" encoding="UTF-8"?>
<testsuite xmlns:xsi="http://www.w3.org/2001/XMLSchema-instance" xsi:noNamespaceSchemaLocation="https://maven.apache.org/surefire/maven-surefire-plugin/xsd/surefire-test-report-3.0.xsd" version="3.0" name="com.example.flightstatus.service.FlightSimulatorTest" time="0.008" tests="3" errors="0" skipped="0" failures="0">
  <properties>
[...]
</properties>
  <testcase name="phaseDeterminationAndEta" classname="com.example.flightstatus.service.FlightSimulatorTest" time="0.005"/>
  <testcase name="calculateElapsedSimulatedMinutes" classname="com.example.flightstatus.service.FlightSimulatorTest" time="0.002"/>
  <testcase name="metricGenerationWithPhaseInterpolation" classname="com.example.flightstatus.service.FlightSimulatorTest" time="0.001"/>
</testsuite>